Build started 6/18/2012 10:20:00 PM.
     1>Project "C:\Users\Victor\Desktop\Begin\ttt\ttt\ttt.vcxproj" on node 2 (build target(s)).
     1>InitializeBuildStatus:
         Touching "Debug\ttt.unsuccessfulbuild".
       ClCompile:
         All outputs are up-to-date.
       ManifestResourceCompile:
         All outputs are up-to-date.
       Link:
         f:\Root\Microsoft Visual Studio 10.0\VC\bin\link.exe /ERRORREPORT:PROMPT /OUT:"C:\Users\Victor\Desktop\Begin\ttt\Debug\ttt.exe" /INCREMENTAL /NOLOGO kernel32.lib user32.lib gdi32.lib winspool.lib comdlg32.lib advapi32.lib shell32.lib ole32.lib oleaut32.lib uuid.lib odbc32.lib odbccp32.lib kernel32.lib user32.lib gdi32.lib winspool.lib comdlg32.lib advapi32.lib shell32.lib ole32.lib oleaut32.lib uuid.lib odbc32.lib odbccp32.lib freeglut.lib libfreeglut.a /MANIFEST /ManifestFile:"Debug\ttt.exe.intermediate.manifest" /MANIFESTUAC:"level='asInvoker' uiAccess='false'" /DEBUG /PDB:"C:\Users\Victor\Desktop\Begin\ttt\Debug\ttt.pdb" /SUBSYSTEM:CONSOLE /TLBID:1 /DYNAMICBASE /NXCOMPAT /IMPLIB:"C:\Users\Victor\Desktop\Begin\ttt\Debug\ttt.lib" /MACHINE:X86 Debug\ttt.exe.embed.manifest.res
         Debug\ttt.obj /SUBSYSTEM:WINDOWS /ENTRY:mainCRTStartup 
       Manifest:
         C:\Program Files (x86)\Microsoft SDKs\Windows\v7.0A\bin\mt.exe /nologo /verbose /out:"Debug\ttt.exe.embed.manifest" /manifest Debug\ttt.exe.intermediate.manifest
         All outputs are up-to-date.
       LinkEmbedManifest:
         All outputs are up-to-date.
         ttt.vcxproj -> C:\Users\Victor\Desktop\Begin\ttt\Debug\ttt.exe
       FinalizeBuildStatus:
         Deleting file "Debug\ttt.unsuccessfulbuild".
         Touching "Debug\ttt.lastbuildstate".
     1>Done Building Project "C:\Users\Victor\Desktop\Begin\ttt\ttt\ttt.vcxproj" (build target(s)).

Build succeeded.

Time Elapsed 00:00:00.42
