C:\USERS\VICTOR\DESKTOP\BEGIN\TTT\DEBUG\TTT.EXE
C:\USERS\VICTOR\DESKTOP\BEGIN\TTT\DEBUG\TTT.ILK
C:\USERS\VICTOR\DESKTOP\BEGIN\TTT\DEBUG\TTT.PDB
C:\Users\Victor\Desktop\Begin\ttt\ttt\Debug\cl.command.1.tlog
C:\Users\Victor\Desktop\Begin\ttt\ttt\Debug\CL.read.1.tlog
C:\Users\Victor\Desktop\Begin\ttt\ttt\Debug\CL.write.1.tlog
C:\Users\Victor\Desktop\Begin\ttt\ttt\Debug\link.3948.read.1.tlog
C:\Users\Victor\Desktop\Begin\ttt\ttt\Debug\link.3948.write.1.tlog
C:\Users\Victor\Desktop\Begin\ttt\ttt\Debug\link.3948-cvtres.read.1.tlog
C:\Users\Victor\Desktop\Begin\ttt\ttt\Debug\link.3948-cvtres.write.1.tlog
C:\Users\Victor\Desktop\Begin\ttt\ttt\Debug\link.command.1.tlog
C:\Users\Victor\Desktop\Begin\ttt\ttt\Debug\link.read.1.tlog
C:\Users\Victor\Desktop\Begin\ttt\ttt\Debug\link.write.1.tlog
C:\Users\Victor\Desktop\Begin\ttt\ttt\Debug\link-cvtres.read.1.tlog
C:\Users\Victor\Desktop\Begin\ttt\ttt\Debug\link-cvtres.write.1.tlog
C:\Users\Victor\Desktop\Begin\ttt\ttt\Debug\mt.command.1.tlog
C:\Users\Victor\Desktop\Begin\ttt\ttt\Debug\mt.read.1.tlog
C:\Users\Victor\Desktop\Begin\ttt\ttt\Debug\mt.write.1.tlog
C:\Users\Victor\Desktop\Begin\ttt\ttt\Debug\rc.command.1.tlog
C:\Users\Victor\Desktop\Begin\ttt\ttt\Debug\rc.read.1.tlog
C:\Users\Victor\Desktop\Begin\ttt\ttt\Debug\rc.write.1.tlog
C:\USERS\VICTOR\DESKTOP\BEGIN\TTT\TTT\DEBUG\TTT.EXE.EMBED.MANIFEST
C:\USERS\VICTOR\DESKTOP\BEGIN\TTT\TTT\DEBUG\TTT.EXE.EMBED.MANIFEST.RES
C:\USERS\VICTOR\DESKTOP\BEGIN\TTT\TTT\DEBUG\TTT.EXE.INTERMEDIATE.MANIFEST
C:\USERS\VICTOR\DESKTOP\BEGIN\TTT\TTT\DEBUG\TTT.OBJ
C:\Users\Victor\Desktop\Begin\ttt\ttt\Debug\ttt_manifest.rc
C:\Users\Victor\Desktop\Begin\ttt\ttt\Debug\vc100.idb
C:\USERS\VICTOR\DESKTOP\BEGIN\TTT\TTT\DEBUG\VC100.PDB
